<?xml version="1.0" encoding="UTF-8"?>
<testsuite name="spring.web.HelloControllerTest" tests="2" skipped="0" failures="0" errors="0" timestamp="2022-03-20T11:53:04" hostname="jooky.local" time="0.165">
  <properties/>
  <testcase name="hello가_리턴된다" classname="spring.web.HelloControllerTest" time="0.127"/>
  <testcase name="helloDto가_리턴된다" classname="spring.web.HelloControllerTest" time="0.038"/>
  <system-out><![CDATA[20:53:03.312 [Test worker] DEBUG org.springframework.test.context.junit4.SpringJUnit4ClassRunner - SpringJUnit4ClassRunner constructor called with [class spring.web.HelloControllerTest]
20:53:03.315 [Test worker] DEBUG org.springframework.test.context.BootstrapUtils - Instantiating CacheAwareContextLoaderDelegate from class [org.springframework.test.context.cache.DefaultCacheAwareContextLoaderDelegate]
20:53:03.319 [Test worker] DEBUG org.springframework.test.context.BootstrapUtils - Instantiating BootstrapContext using constructor [public org.springframework.test.context.support.DefaultBootstrapContext(java.lang.Class,org.springframework.test.context.CacheAwareContextLoaderDelegate)]
20:53:03.329 [Test worker] DEBUG org.springframework.test.context.BootstrapUtils - Instantiating TestContextBootstrapper for test class [spring.web.HelloControllerTest] from class [org.springframework.boot.test.autoconfigure.web.servlet.WebMvcTestContextBootstrapper]
20:53:03.341 [Test worker] INFO org.springframework.boot.test.autoconfigure.web.servlet.WebMvcTestContextBootstrapper - Neither @ContextConfiguration nor @ContextHierarchy found for test class [spring.web.HelloControllerTest], using SpringBootContextLoader
20:53:03.343 [Test worker] DEBUG org.springframework.test.context.support.AbstractContextLoader - Did not detect default resource location for test class [spring.web.HelloControllerTest]: class path resource [spring/web/HelloControllerTest-context.xml] does not exist
20:53:03.343 [Test worker] DEBUG org.springframework.test.context.support.AbstractContextLoader - Did not detect default resource location for test class [spring.web.HelloControllerTest]: class path resource [spring/web/HelloControllerTestContext.groovy] does not exist
20:53:03.343 [Test worker] INFO org.springframework.test.context.support.AbstractContextLoader - Could not detect default resource locations for test class [spring.web.HelloControllerTest]: no resource found for suffixes {-context.xml, Context.groovy}.
20:53:03.343 [Test worker] INFO org.springframework.test.context.support.AnnotationConfigContextLoaderUtils - Could not detect default configuration classes for test class [spring.web.HelloControllerTest]: HelloControllerTest does not declare any static, non-private, non-final, nested classes annotated with @Configuration.
20:53:03.378 [Test worker] DEBUG org.springframework.test.context.support.ActiveProfilesUtils - Could not find an 'annotation declaring class' for annotation type [org.springframework.test.context.ActiveProfiles] and class [spring.web.HelloControllerTest]
20:53:03.420 [Test worker] DEBUG org.springframework.context.annotation.ClassPathScanningCandidateComponentProvider - Identified candidate component class: file [/Users/jookwonyoung/study/springboot/build/classes/java/main/spring/Application.class]
20:53:03.421 [Test worker] INFO org.springframework.boot.test.context.SpringBootTestContextBootstrapper - Found @SpringBootConfiguration spring.Application for test class spring.web.HelloControllerTest
20:53:03.422 [Test worker] DEBUG org.springframework.boot.test.autoconfigure.web.servlet.WebMvcTestContextBootstrapper - @TestExecutionListeners is not present for class [spring.web.HelloControllerTest]: using defaults.
20:53:03.422 [Test worker] INFO org.springframework.boot.test.autoconfigure.web.servlet.WebMvcTestContextBootstrapper - Loaded default TestExecutionListener class names from location [META-INF/spring.factories]: [org.springframework.security.test.context.support.WithSecurityContextTestExecutionListener, org.springframework.security.test.context.support.ReactorContextTestExecutionListener, org.springframework.boot.test.autoconfigure.restdocs.RestDocsTestExecutionListener, org.springframework.boot.test.autoconfigure.web.client.MockRestServiceServerResetTestExecutionListener, org.springframework.boot.test.autoconfigure.web.servlet.MockMvcPrintOnlyOnFailureTestExecutionListener, org.springframework.boot.test.autoconfigure.web.servlet.WebDriverTestExecutionListener, org.springframework.boot.test.mock.mockito.MockitoTestExecutionListener, org.springframework.boot.test.mock.mockito.ResetMocksTestExecutionListener, org.springframework.test.context.web.ServletTestExecutionListener, org.springframework.test.context.support.DirtiesContextBeforeModesTestExecutionListener, org.springframework.test.context.support.DependencyInjectionTestExecutionListener, org.springframework.test.context.support.DirtiesContextTestExecutionListener, org.springframework.test.context.transaction.TransactionalTestExecutionListener, org.springframework.test.context.jdbc.SqlScriptsTestExecutionListener]
20:53:03.431 [Test worker] INFO org.springframework.boot.test.autoconfigure.web.servlet.WebMvcTestContextBootstrapper - Using TestExecutionListeners: [org.springframework.test.context.web.ServletTestExecutionListener@10a5172c, org.springframework.test.context.support.DirtiesContextBeforeModesTestExecutionListener@c3c7e92, org.springframework.boot.test.mock.mockito.MockitoTestExecutionListener@7229c42b, org.springframework.boot.test.autoconfigure.SpringBootDependencyInjectionTestExecutionListener@5a0cdf32, org.springframework.test.context.support.DirtiesContextTestExecutionListener@6228af28, org.springframework.test.context.transaction.TransactionalTestExecutionListener@d0f9511, org.springframework.test.context.jdbc.SqlScriptsTestExecutionListener@31bb0007, org.springframework.security.test.context.support.WithSecurityContextTestExecutionListener@df2ac4d, org.springframework.security.test.context.support.ReactorContextTestExecutionListener@2a041334, org.springframework.boot.test.autoconfigure.restdocs.RestDocsTestExecutionListener@5bd2bc78, org.springframework.boot.test.autoconfigure.web.client.MockRestServiceServerResetTestExecutionListener@3200243d, org.springframework.boot.test.autoconfigure.web.servlet.MockMvcPrintOnlyOnFailureTestExecutionListener@2a0866f4, org.springframework.boot.test.autoconfigure.web.servlet.WebDriverTestExecutionListener@201f4d32, org.springframework.boot.test.mock.mockito.ResetMocksTestExecutionListener@6e601435]
20:53:03.432 [Test worker] DEBUG org.springframework.test.annotation.ProfileValueUtils - Retrieved @ProfileValueSourceConfiguration [null] for test class [spring.web.HelloControllerTest]
20:53:03.432 [Test worker] DEBUG org.springframework.test.annotation.ProfileValueUtils - Retrieved ProfileValueSource type [class org.springframework.test.annotation.SystemProfileValueSource] for class [spring.web.HelloControllerTest]
20:53:03.433 [Test worker] DEBUG org.springframework.test.annotation.ProfileValueUtils - Retrieved @ProfileValueSourceConfiguration [null] for test class [spring.web.HelloControllerTest]
20:53:03.433 [Test worker] DEBUG org.springframework.test.annotation.ProfileValueUtils - Retrieved ProfileValueSource type [class org.springframework.test.annotation.SystemProfileValueSource] for class [spring.web.HelloControllerTest]
20:53:03.435 [Test worker] DEBUG org.springframework.test.context.support.AbstractDirtiesContextTestExecutionListener - Before test class: context [DefaultTestContext@429fe2c9 testClass = HelloControllerTest, testInstance = [null], testMethod = [null], testException = [null], mergedContextConfiguration = [WebMergedContextConfiguration@30ec4e1a testClass = HelloControllerTest, locations = '{}', classes = '{class spring.Application}', contextInitializerClasses = '[]', activeProfiles = '{}', propertySourceLocations = '{}', propertySourceProperties = '{org.springframework.boot.test.autoconfigure.web.servlet.WebMvcTestContextBootstrapper=true}', contextCustomizers = set[org.springframework.boot.test.autoconfigure.OverrideAutoConfigurationContextCustomizerFactory$DisableAutoConfigurationContextCustomizer@6599e6c5, org.springframework.boot.test.autoconfigure.filter.TypeExcludeFiltersContextCustomizer@2b97c4af, org.springframework.boot.test.autoconfigure.properties.PropertyMappingContextCustomizer@91924436, org.springframework.boot.test.autoconfigure.web.servlet.WebDriverContextCustomizerFactory$Customizer@77c2c88e, [ImportsContextCustomizer@4758f5db key = [org.springframework.boot.autoconfigure.cache.CacheAutoConfiguration, org.springframework.boot.autoconfigure.context.MessageSourceAutoConfiguration, org.springframework.boot.autoconfigure.data.web.SpringDataWebAutoConfiguration, org.springframework.boot.autoconfigure.freemarker.FreeMarkerAutoConfiguration, org.springframework.boot.autoconfigure.groovy.template.GroovyTemplateAutoConfiguration, org.springframework.boot.autoconfigure.gson.GsonAutoConfiguration, org.springframework.boot.autoconfigure.hateoas.HypermediaAutoConfiguration, org.springframework.boot.autoconfigure.http.HttpMessageConvertersAutoConfiguration, org.springframework.boot.autoconfigure.jackson.JacksonAutoConfiguration, org.springframework.boot.autoconfigure.jsonb.JsonbAutoConfiguration, org.springframework.boot.autoconfigure.mustache.MustacheAutoConfiguration, org.springframework.boot.autoconfigure.task.TaskExecutionAutoConfiguration, org.springframework.boot.autoconfigure.thymeleaf.ThymeleafAutoConfiguration, org.springframework.boot.autoconfigure.validation.ValidationAutoConfiguration, org.springframework.boot.autoconfigure.web.servlet.error.ErrorMvcAutoConfiguration, org.springframework.boot.autoconfigure.web.servlet.WebMvcAutoConfiguration, org.springframework.boot.test.autoconfigure.web.servlet.MockMvcAutoConfiguration, org.springframework.boot.test.autoconfigure.web.servlet.MockMvcSecurityAutoConfiguration, org.springframework.boot.test.autoconfigure.web.servlet.MockMvcWebClientAutoConfiguration, org.springframework.boot.test.autoconfigure.web.servlet.MockMvcWebDriverAutoConfiguration]], org.springframework.boot.test.context.filter.ExcludeFilterContextCustomizer@569c6f64, org.springframework.boot.test.json.DuplicateJsonObjectContextCustomizerFactory$DuplicateJsonObjectContextCustomizer@613c260a, org.springframework.boot.test.mock.mockito.MockitoContextCustomizer@0], resourceBasePath = 'src/main/webapp', contextLoader = 'org.springframework.boot.test.context.SpringBootContextLoader', parent = [null]], attributes = map[[empty]]], class annotated with @DirtiesContext [false] with mode [null].
20:53:03.435 [Test worker] DEBUG org.springframework.test.annotation.ProfileValueUtils - Retrieved @ProfileValueSourceConfiguration [null] for test class [spring.web.HelloControllerTest]
20:53:03.435 [Test worker] DEBUG org.springframework.test.annotation.ProfileValueUtils - Retrieved ProfileValueSource type [class org.springframework.test.annotation.SystemProfileValueSource] for class [spring.web.HelloControllerTest]
20:53:03.437 [Test worker] DEBUG org.springframework.test.context.support.DependencyInjectionTestExecutionListener - Performing dependency injection for test context [[DefaultTestContext@429fe2c9 testClass = HelloControllerTest, testInstance = spring.web.HelloControllerTest@7bda54da, testMethod = [null], testException = [null], mergedContextConfiguration = [WebMergedContextConfiguration@30ec4e1a testClass = HelloControllerTest, locations = '{}', classes = '{class spring.Application}', contextInitializerClasses = '[]', activeProfiles = '{}', propertySourceLocations = '{}', propertySourceProperties = '{org.springframework.boot.test.autoconfigure.web.servlet.WebMvcTestContextBootstrapper=true}', contextCustomizers = set[org.springframework.boot.test.autoconfigure.OverrideAutoConfigurationContextCustomizerFactory$DisableAutoConfigurationContextCustomizer@6599e6c5, org.springframework.boot.test.autoconfigure.filter.TypeExcludeFiltersContextCustomizer@2b97c4af, org.springframework.boot.test.autoconfigure.properties.PropertyMappingContextCustomizer@91924436, org.springframework.boot.test.autoconfigure.web.servlet.WebDriverContextCustomizerFactory$Customizer@77c2c88e, [ImportsContextCustomizer@4758f5db key = [org.springframework.boot.autoconfigure.cache.CacheAutoConfiguration, org.springframework.boot.autoconfigure.context.MessageSourceAutoConfiguration, org.springframework.boot.autoconfigure.data.web.SpringDataWebAutoConfiguration, org.springframework.boot.autoconfigure.freemarker.FreeMarkerAutoConfiguration, org.springframework.boot.autoconfigure.groovy.template.GroovyTemplateAutoConfiguration, org.springframework.boot.autoconfigure.gson.GsonAutoConfiguration, org.springframework.boot.autoconfigure.hateoas.HypermediaAutoConfiguration, org.springframework.boot.autoconfigure.http.HttpMessageConvertersAutoConfiguration, org.springframework.boot.autoconfigure.jackson.JacksonAutoConfiguration, org.springframework.boot.autoconfigure.jsonb.JsonbAutoConfiguration, org.springframework.boot.autoconfigure.mustache.MustacheAutoConfiguration, org.springframework.boot.autoconfigure.task.TaskExecutionAutoConfiguration, org.springframework.boot.autoconfigure.thymeleaf.ThymeleafAutoConfiguration, org.springframework.boot.autoconfigure.validation.ValidationAutoConfiguration, org.springframework.boot.autoconfigure.web.servlet.error.ErrorMvcAutoConfiguration, org.springframework.boot.autoconfigure.web.servlet.WebMvcAutoConfiguration, org.springframework.boot.test.autoconfigure.web.servlet.MockMvcAutoConfiguration, org.springframework.boot.test.autoconfigure.web.servlet.MockMvcSecurityAutoConfiguration, org.springframework.boot.test.autoconfigure.web.servlet.MockMvcWebClientAutoConfiguration, org.springframework.boot.test.autoconfigure.web.servlet.MockMvcWebDriverAutoConfiguration]], org.springframework.boot.test.context.filter.ExcludeFilterContextCustomizer@569c6f64, org.springframework.boot.test.json.DuplicateJsonObjectContextCustomizerFactory$DuplicateJsonObjectContextCustomizer@613c260a, org.springframework.boot.test.mock.mockito.MockitoContextCustomizer@0], resourceBasePath = 'src/main/webapp', contextLoader = 'org.springframework.boot.test.context.SpringBootContextLoader', parent = [null]], attributes = map[[empty]]]].
20:53:03.486 [Test worker] DEBUG org.springframework.test.context.support.TestPropertySourceUtils - Adding inlined properties to environment: {spring.jmx.enabled=false, org.springframework.boot.test.autoconfigure.web.servlet.WebMvcTestContextBootstrapper=true, server.port=-1}

  .   ____          _            __ _ _
 /\\ / ___'_ __ _ _(_)_ __  __ _ \ \ \ \
( ( )\___ | '_ | '_| | '_ \/ _` | \ \ \ \
 \\/  ___)| |_)| | | | | || (_| |  ) ) ) )
  '  |____| .__|_| |_|_| |_\__, | / / / /
 =========|_|==============|___/=/_/_/_/
 :: Spring Boot ::        (v2.1.7.RELEASE)

2022-03-20 20:53:03.754  INFO 59286 --- [    Test worker] spring.web.HelloControllerTest           : Starting HelloControllerTest on jooky.local with PID 59286 (started by jookwonyoung in /Users/jookwonyoung/study/springboot)
2022-03-20 20:53:03.756  INFO 59286 --- [    Test worker] spring.web.HelloControllerTest           : No active profile set, falling back to default profiles: default
2022-03-20 20:53:04.365  INFO 59286 --- [    Test worker] o.s.s.concurrent.ThreadPoolTaskExecutor  : Initializing ExecutorService 'applicationTaskExecutor'
2022-03-20 20:53:04.408  INFO 59286 --- [    Test worker] o.s.b.a.w.s.WelcomePageHandlerMapping    : Adding welcome page template: index
2022-03-20 20:53:04.573  INFO 59286 --- [    Test worker] .s.s.UserDetailsServiceAutoConfiguration : 

Using generated security password: a7eb99ba-aaf6-4157-86f8-e782832cdf1e

2022-03-20 20:53:04.652  INFO 59286 --- [    Test worker] o.s.s.web.DefaultSecurityFilterChain     : Creating filter chain: any request, [org.springframework.security.web.context.request.async.WebAsyncManagerIntegrationFilter@27794d92, org.springframework.security.web.context.SecurityContextPersistenceFilter@222d9b75, org.springframework.security.web.header.HeaderWriterFilter@63d6bb24, org.springframework.security.web.csrf.CsrfFilter@69e6a1b4, org.springframework.security.web.authentication.logout.LogoutFilter@6d291b10, org.springframework.security.web.authentication.UsernamePasswordAuthenticationFilter@163e1f7c, org.springframework.security.web.authentication.ui.DefaultLoginPageGeneratingFilter@5eb82018, org.springframework.security.web.authentication.ui.DefaultLogoutPageGeneratingFilter@7f1a8ac7, org.springframework.security.web.authentication.www.BasicAuthenticationFilter@757131ea, org.springframework.security.web.savedrequest.RequestCacheAwareFilter@39c57ab4, org.springframework.security.web.servletapi.SecurityContextHolderAwareRequestFilter@659f6f46, org.springframework.security.web.authentication.AnonymousAuthenticationFilter@7f577a13, org.springframework.security.web.session.SessionManagementFilter@71ac3255, org.springframework.security.web.access.ExceptionTranslationFilter@3a8e249b, org.springframework.security.web.access.intercept.FilterSecurityInterceptor@2023d2e9]
2022-03-20 20:53:04.679  INFO 59286 --- [    Test worker] o.s.b.t.m.w.SpringBootMockServletContext : Initializing Spring TestDispatcherServlet ''
2022-03-20 20:53:04.679  INFO 59286 --- [    Test worker] o.s.t.web.servlet.TestDispatcherServlet  : Initializing Servlet ''
2022-03-20 20:53:04.686  INFO 59286 --- [    Test worker] o.s.t.web.servlet.TestDispatcherServlet  : Completed initialization in 7 ms
2022-03-20 20:53:04.707  INFO 59286 --- [    Test worker] spring.web.HelloControllerTest           : Started HelloControllerTest in 1.217 seconds (JVM running for 1.74)
]]></system-out>
  <system-err><![CDATA[]]></system-err>
</testsuite>
